{"operation":"getDepositAddr","date":"2018-4-23 19:38:52","hash":"0x3D2aE16E1E7f85f61cDb8Ca0A87F9c4E7Da539F4","gasPrice":"1 Gwei","gasUsed":25153,"result":{"status":"success","msg":"创建充值地址成功","txHash":"0x11a59bd7b7d1017759d3864a36a219dcc5d9ebeca614a860fd0efe11183905fc","gasUsed":25153,"gasPrice":"1"}}
{"operation":"getDepositAddr","date":"2018-4-23 21:49:38","hash":"0x3D2aE16E1E7f85f61cDb8Ca0A87F9c4E7Da539F4","gasPrice":"1 Gwei","gasUsed":1732592,"result":{"status":"success","msg":"创建充值地址成功","txHash":"0x1d9081f2e7ced4e7b13276d90210d1a5db5b4ccf243c86afb1468e1e1315e2f9","gasUsed":1732592,"gasPrice":"1"}}
{"operation":"getDepositAddr","date":"2018-4-24 08:41:35","hash":"0x19C7f02159137438b58E4959082C26Ed8c5D55c0","gasPrice":"1 Gwei","gasUsed":1732592,"result":{"status":"success","msg":"创建充值地址成功","txHash":"0x5dd4f144f06b8e516ef46df87aef42070e92f7693c04e1fb29ca6b140e299c84","gasUsed":1732592,"gasPrice":"1"}}
{"operation":"getDepositAddr","date":"2018-4-24 15:45:06","hash":"0x19C7f02159137438b58E4959082C26Ed8c5D55c0","gasPrice":"0 Gwei","gasUsed":0}
{"operation":"getDepositAddr","date":"2018-4-24 15:45:09","hash":"0x19C7f02159137438b58E4959082C26Ed8c5D55c0","gasPrice":"0 Gwei","gasUsed":0}
{"operation":"getDepositAddr","date":"2018-4-24 15:46:32","hash":"0x19C7f02159137438b58E4959082C26Ed8c5D55c0","gasPrice":"0 Gwei","gasUsed":0}
{"operation":"getDepositAddr","date":"2018-4-24 16:06:00","hash":"0x19C7f02159137438b58E4959082C26Ed8c5D55c0","gasPrice":"0 Gwei","gasUsed":0}
{"operation":"getDepositAddr","date":"2018-4-24 16:12:56","hash":"0x19C7f02159137438b58E4959082C26Ed8c5D55c0","gasPrice":"0 Gwei","gasUsed":0,"result":{"status":"failed","msg":"输入的钱包地址已经有对应的充值地址"}}
{"operation":"getDepositAddr","date":"2018-4-24 16:14:07","hash":"0x056705ed4b96386Ca811d377ceFC7cAA122A41D3","gasPrice":"0 Gwei","gasUsed":0,"result":{"status":"failed","msg":"输入的钱包地址已经有对应的充值地址"}}
{"operation":"getDepositAddr","date":"2018-4-24 16:19:25","hash":"0x056705ed4b96386Ca811d377ceFC7cAA122A41D3","gasPrice":"0 Gwei","gasUsed":0,"result":{"status":"failed","msg":"输入的钱包地址已经有对应的充值地址"}}
{"operation":"getDepositAddr","date":"2018-4-24 16:24:13","hash":"0x056705ed4b96386Ca811d377ceFC7cAA122A41D3","gasPrice":"0 Gwei","gasUsed":0,"result":{"status":"failed","msg":"输入的钱包地址已经有对应的充值地址"}}
{"operation":"getDepositAddr","date":"2018-4-24 16:29:02","hash":"0x056705ed4b96386Ca811d377ceFC7cAA122A41D3","gasPrice":"0 Gwei","gasUsed":0,"result":{"status":"failed","msg":"输入的钱包地址已经有对应的充值地址"}}
{"operation":"getDepositAddr","date":"2018-4-24 16:30:20","hash":"0x19C7f02159137438b58E4959082C26Ed8c5D55c0","gasPrice":"0 Gwei","gasUsed":0,"result":{"status":"failed","msg":"输入的钱包地址已经有对应的充值地址"}}
{"operation":"getDepositAddr","date":"2018-4-24 16:30:52","hash":"0x056705ed4b96386Ca811d377ceFC7cAA122A41D3","gasPrice":"0 Gwei","gasUsed":0,"result":{"status":"failed","msg":"输入的钱包地址已经有对应的充值地址"}}
{"operation":"getDepositAddr","date":"2018-4-24 16:33:38","hash":"0x056705ed4b96386Ca811d377ceFC7cAA122A41D3","gasPrice":"1 Gwei","gasUsed":1732592,"result":{"status":"success","msg":"创建充值地址成功","txHash":"0x4999d254412b30104f4993c602c55ce60c42b5801a76de25bd0b6580fffd965d","gasUsed":1732592,"gasPrice":"1"}}
{"operation":"getDepositAddr","date":"2018-4-24 16:42:54","hash":"0x056705ed4b96386Ca811d377ceFC7cAA122A41D3","gasPrice":"0 Gwei","gasUsed":0,"result":{"status":"failed","msg":"输入的钱包地址已经有对应的充值地址"}}
{"operation":"getDepositAddr","date":"2018-4-24 16:44:08","hash":"0xad47fc2F22052494E29C68FFB00960b6DAfa5731","gasPrice":"1 Gwei","gasUsed":1732592,"result":{"status":"success","msg":"创建充值地址成功","txHash":"0xc71fdc28be13db5f0ad73098758c324dcd0d8bf78ee1c079678e966d97e648c7","gasUsed":1732592,"gasPrice":"1","depositAddr":"0x00000000000000000000000006ca2ae3a1e522dde142dac548abe6ee157355f9"}}
{"operation":"getDepositAddr","date":"2018-4-24 16:50:38","hash":"0x5b80E2b628A237a5C367bAA8FdC99f737C81cb93","gasPrice":"1 Gwei","gasUsed":1732592,"result":{"status":"success","msg":"创建充值地址成功","txHash":"0xb21a61b3cba1b3a49c065b09bd34e52f151b2a8e3b1ce9121c7f94c0a4e78c21","gasUsed":1732592,"gasPrice":"1","depositAddr":"0x000000000000000000000000f4b9677eb1962e3af04067ad33edd5ed9ae3aca5"}}
{"operation":"getDepositAddr","date":"2018-4-24 16:57:53","hash":"0xaB76471Fa205186CC880EE56aFcA5E7382B624e9","gasPrice":"1 Gwei","gasUsed":1732592,"result":{"status":"success","msg":"创建充值地址成功","txHash":"0x07ab1868bcebfad5cf9f0f9eff86053053055ec1c0e31c141da68a087f8fa8a2","gasUsed":1732592,"gasPrice":"1","depositAddr":"0xa2832f4c8c4ce0fa5a5327f684374f75ea155568"}}
{"operation":"getDepositAddr","date":"2018-4-24 17:17:28","hash":"0xFF0f40A2f756C1f1C99341D695efBD13c82fDC4d","gasPrice":"0 Gwei","gasUsed":0,"result":{"status":"failed","msg":"输入的钱包地址已经有对应的充值地址"}}
{"operation":"getDepositAddr","date":"2018-4-24 17:30:08","hash":"0x15Ae31c89aabe3550Ab6ba87450fe31e8D693fBf","gasPrice":"1 Gwei","gasUsed":1732592,"result":{"status":"success","msg":"创建充值地址成功","txHash":"0x4a8be77a18777b740f0b7ed8db307a141f101a5cd052936c82d8294f13dee2e4","gasUsed":1732592,"gasPrice":"1","depositAddr":"0xdf5cdb4c5dfb1ed1a84ae613c5440f879943b6b0"}}
